(0000) 3000  0011000000000000 (   1) άς             .ORIG x3000
(3000) E004  1110000000000100 (   3)                 LEA   R0 array
(3001) 2208  0010001000001000 (   4)                 LD    R1 string
(3002) 4809  0100100000001001 (   5)                 JSR   OR_ARRAY
(3003) 0E03  0000111000000011 (   7) stop            BRNZP stop
(3004) 0F0F  0000111100001111 (   9) array           .FILL x0F0F
(3005) 3333  0011001100110011 (  10)                 .FILL x3333
(3006) CCCC  1100110011001100 (  11)                 .FILL xCCCC
(3007) 0000  0000000000000000 (  12)                 .FILL x0000
(3008) F0F0  1111000011110000 (  14) string          .FILL xF0F0
(3009) 3414  0011010000010100 (  18) OR_ARRAY        ST    R2 salvar2
(300A) 927F  1001001001111111 (  19)                 NOT   R1 R1
(300B) 6400  0110010000000000 (  22) ciclo           LDR   R2 R0 #0
(300C) 0413  0000010000010011 (  23)                 BRZ   fine
(300D) 94BF  1001010010111111 (  25)                 NOT   R2 R2
(300E) 5442  0101010001000010 (  26)                 AND   R2 R1 R2
(300F) 94BF  1001010010111111 (  27)                 NOT   R2 R2
(3010) 7400  0111010000000000 (  28)                 STR   R2 R0 #0
(3011) 1021  0001000000100001 (  29)                 ADD   R0 R0 #1
(3012) 0E0B  0000111000001011 (  30)                 BRNZP ciclo
(3013) 2414  0010010000010100 (  32) fine            LD    R2 salvar2
(3014) 0000  0000000000000000 (  36) salvar2         .FILL x0000
