(0000) 3000  0011000000000000 (   2)                 .ORIG x3000
(3000) E003  1110000000000011 (   3)                 LEA   R0 array
(3001) E205  1110001000000101 (   4)                 LEA   R1 ultimo
(3002) 4806  0100100000000110 (   5)                 JSR   subpr
(3003) 0006  0000000000000110 (   9) array           .FILL x0006
(3004) 0003  0000000000000011 (  10)                 .FILL x0003
(3005) 0005  0000000000000101 (  11) ultimo          .FILL x0005
(3006) 3427  0011010000100111 (  16) subpr           ST    R2 salvar2
(3007) 3628  0011011000101000 (  17)                 ST    R3 salvar3
(3008) 3829  0011100000101001 (  18)                 ST    R4 salvar4
(3009) 3A2A  0011101000101010 (  19)                 ST    R5 salvar5
(300A) 927F  1001001001111111 (  21)                 NOT   R1 R1
(300B) 1261  0001001001100001 (  22)                 ADD   R1 R1 #1
(300C) 5920  0101100100100000 (  23)                 AND   R4 R4 #0
(300D) 56E0  0101011011100000 (  24)                 AND   R3 R3 #0
(300E) 6400  0110010000000000 (  26) ciclo           LDR   R2 R0 #0
(300F) 1A01  0001101000000001 (  27)                 ADD   R5 R0 R1
(3010) 021E  0000001000011110 (  28)                 BRP   fine
(3011) 14BE  0001010010111110 (  29) sottr           ADD   R2 R2 #-2
(3012) 0211  0000001000010001 (  30)                 BRP   sottr
(3013) 081A  0000100000011010 (  31)                 BRN   dispari
(3014) 041C  0000010000011100 (  32)                 BRZ   pari
(3015) 1A01  0001101000000001 (  34) veri            ADD   R5 R0 R1
(3016) 021E  0000001000011110 (  35)                 BRP   fine
(3017) 0C18  0000110000011000 (  36)                 BRNZ  incr
(3018) 1021  0001000000100001 (  38) incr            ADD   R0 R0 #1
(3019) 0E0E  0000111000001110 (  39)                 BRNZP ciclo
(301A) 16E1  0001011011100001 (  41) dispari         ADD   R3 R3 #1
(301B) 0E15  0000111000010101 (  42)                 BRNZP veri
(301C) 1921  0001100100100001 (  44) pari            ADD   R4 R4 #1
(301D) 0E15  0000111000010101 (  45)                 BRNZP veri
(301E) 5020  0101000000100000 (  47) fine            AND   R0 R0 #0
(301F) 5260  0101001001100000 (  48)                 AND   R1 R1 #0
(3020) 1100  0001000100000000 (  49)                 ADD   R0 R4 R0
(3021) 1243  0001001001000011 (  50)                 ADD   R1 R1 R3
(3022) 2427  0010010000100111 (  51)                 LD    R2 salvar2
(3023) 2628  0010011000101000 (  52)                 LD    R3 salvar3
(3024) 2829  0010100000101001 (  53)                 LD    R4 salvar4
(3025) 2A2A  0010101000101010 (  54)                 LD    R5 salvar5
(3026) D000  1101000000000000 (  55)                 RET   
(3027) 0000  0000000000000000 (  60) salvar2         .FILL x0000
(3028) 0000  0000000000000000 (  61) salvar3         .FILL x0000
(3029) 0000  0000000000000000 (  62) salvar4         .FILL x0000
(302A) 0000  0000000000000000 (  63) salvar5         .FILL x0000
