(0000) 3000  0011000000000000 (   2)                 .ORIG x3000
(3000) 2203  0010001000000011 (   4)                 LD    R1 num1
(3001) 2404  0010010000000100 (   5)                 LD    R2 num2
(3002) 4805  0100100000000101 (   7)                 JSR   subpr
(3003) 7D00  0111110100000000 (   9) num1            .FILL x7D00
(3004) 7D00  0111110100000000 (  10) num2            .FILL x7D00
(3005) 1260  0001001001100000 (  14) subpr           ADD   R1 R1 #0
(3006) 020A  0000001000001010 (  15)                 BRP   num1p
(3007) 14A0  0001010010100000 (  17)                 ADD   R2 R2 #0
(3008) 0C0F  0000110000001111 (  18)                 BRNZ  conc
(3009) 060D  0000011000001101 (  19)                 BRZP  disc
(300A) 14A0  0001010010100000 (  22) num1p           ADD   R2 R2 #0
(300B) 080D  0000100000001101 (  23)                 BRN   disc
(300C) 020F  0000001000001111 (  24)                 BRP   conc
(300D) 5020  0101000000100000 (  26) disc            AND   R0 R0 #0
(300E) D000  1101000000000000 (  27)                 RET   
(300F) 1042  0001000001000010 (  29) conc            ADD   R0 R1 R2
(3010) 0816  0000100000010110 (  30)                 BRN   over
(3011) 0213  0000001000010011 (  31)                 BRP   under
(3012) D000  1101000000000000 (  32)                 RET   
(3013) 5020  0101000000100000 (  33) under           AND   R0 R0 #0
(3014) 103F  0001000000111111 (  34)                 ADD   R0 R0 #-1
(3015) D000  1101000000000000 (  35)                 RET   
(3016) 5020  0101000000100000 (  37) over            AND   R0 R0 #0
(3017) 1021  0001000000100001 (  38)                 ADD   R0 R0 #1
(3018) D000  1101000000000000 (  39)                 RET   
