(0000) 3000  0011000000000000 (   2)                 .ORIG x3000
(3000) E003  1110000000000011 (   3)                 LEA   R0 inizio
(3001) E207  1110001000000111 (   4)                 LEA   R1 fine
(3002) 4808  0100100000001000 (   5)                 JSR   subpr
(3003) 0001  0000000000000001 (   8) inizio          .FILL x0001
(3004) 0002  0000000000000010 (   9)                 .FILL x0002
(3005) 0003  0000000000000011 (  10)                 .FILL x0003
(3006) 0004  0000000000000100 (  11)                 .FILL x0004
(3007) 0005  0000000000000101 (  12) fine            .FILL x0005
(3008) 54A0  0101010010100000 (  17) subpr           AND   R2 R2 #0
(3009) 56E0  0101011011100000 (  18)                 AND   R3 R3 #0
(300A) 5920  0101100100100000 (  19)                 AND   R4 R4 #0
(300B) 6400  0110010000000000 (  20) ciclo           LDR   R2 R0 #0
(300C) 6640  0110011001000000 (  21)                 LDR   R3 R1 #0
(300D) 7440  0111010001000000 (  22)                 STR   R2 R1 #0
(300E) 7600  0111011000000000 (  23)                 STR   R3 R0 #0
(300F) 1021  0001000000100001 (  25)                 ADD   R0 R0 #1
(3010) 127F  0001001001111111 (  26)                 ADD   R1 R1 #-1
(3011) 927F  1001001001111111 (  28)                 NOT   R1 R1
(3012) 1261  0001001001100001 (  29)                 ADD   R1 R1 #1
(3013) 1801  0001100000000001 (  30)                 ADD   R4 R0 R1
(3014) 0218  0000001000011000 (  31)                 BRP   end
(3015) 927F  1001001001111111 (  32)                 NOT   R1 R1
(3016) 1261  0001001001100001 (  33)                 ADD   R1 R1 #1
(3017) 0E0B  0000111000001011 (  35)                 BRNZP ciclo
(3018) 241C  0010010000011100 (  38) end             LD    R2 salvar2
(3019) 261D  0010011000011101 (  39)                 LD    R3 salvar3
(301A) 281E  0010100000011110 (  40)                 LD    R4 salvar4
(301B) D000  1101000000000000 (  41)                 RET   
(301C) 0000  0000000000000000 (  46) salvar2         .FILL x0000
(301D) 0000  0000000000000000 (  47) salvar3         .FILL x0000
(301E) 0000  0000000000000000 (  53) salvar4         .FILL x0000
