(0000) 3000  0011000000000000 (   2)                 .ORIG x3000
(3000) E002  1110000000000010 (   3)                 LEA   R0 string
(3001) 481F  0100100000011111 (   4)                 JSR   subpr
(3002) 0042  0000000001000010 (   8) string          .FILL x0042
(3003) 0075  0000000001110101 (   8)                 .FILL x0075
(3004) 006F  0000000001101111 (   8)                 .FILL x006F
(3005) 006E  0000000001101110 (   8)                 .FILL x006E
(3006) 0020  0000000000100000 (   8)                 .FILL x0020
(3007) 004C  0000000001001100 (   8)                 .FILL x004C
(3008) 0075  0000000001110101 (   8)                 .FILL x0075
(3009) 006E  0000000001101110 (   8)                 .FILL x006E
(300A) 0065  0000000001100101 (   8)                 .FILL x0065
(300B) 0064  0000000001100100 (   8)                 .FILL x0064
(300C) 0069  0000000001101001 (   8)                 .FILL x0069
(300D) 0020  0000000000100000 (   8)                 .FILL x0020
(300E) 0032  0000000000110010 (   8)                 .FILL x0032
(300F) 0036  0000000000110110 (   8)                 .FILL x0036
(3010) 0020  0000000000100000 (   8)                 .FILL x0020
(3011) 006E  0000000001101110 (   8)                 .FILL x006E
(3012) 006F  0000000001101111 (   8)                 .FILL x006F
(3013) 0076  0000000001110110 (   8)                 .FILL x0076
(3014) 0065  0000000001100101 (   8)                 .FILL x0065
(3015) 006D  0000000001101101 (   8)                 .FILL x006D
(3016) 0062  0000000001100010 (   8)                 .FILL x0062
(3017) 0072  0000000001110010 (   8)                 .FILL x0072
(3018) 0065  0000000001100101 (   8)                 .FILL x0065
(3019) 0020  0000000000100000 (   8)                 .FILL x0020
(301A) 0032  0000000000110010 (   8)                 .FILL x0032
(301B) 0030  0000000000110000 (   8)                 .FILL x0030
(301C) 0031  0000000000110001 (   8)                 .FILL x0031
(301D) 0038  0000000000111000 (   8)                 .FILL x0038
(301E) 0000  0000000000000000 (   8)                 .FILL x0000
(301F) 3241  0011001001000001 (  13) subpr           ST    R1 salvar1
(3020) 3442  0011010001000010 (  14)                 ST    R2 salvar2
(3021) 3643  0011011001000011 (  15)                 ST    R3 salvar3
(3022) 3844  0011100001000100 (  16)                 ST    R4 salvar4
(3023) 3A45  0011101001000101 (  17)                 ST    R5 salvar5
(3024) 3C46  0011110001000110 (  18)                 ST    R6 salvar6
(3025) 2847  0010100001000111 (  20)                 LD    R4 z
(3026) 2A48  0010101001001000 (  21)                 LD    R5 a
(3027) 2C49  0010110001001001 (  22)                 LD    R6 Maiusc
(3028) 56E0  0101011011100000 (  23)                 AND   R3 R3 #0
(3029) 54A0  0101010010100000 (  24)                 AND   R2 R2 #0
(302A) 6200  0110001000000000 (  25) ciclo           LDR   R1 R0 #0
(302B) 0438  0000010000111000 (  26)                 BRZ   fine
(302C) 1701  0001011100000001 (  27)                 ADD   R3 R4 R1
(302D) 0C2F  0000110000101111 (  28)                 BRNZ  neg_nul
(302E) 0236  0000001000110110 (  29)                 BRP   no
(302F) 1741  0001011101000001 (  31) neg_nul         ADD   R3 R5 R1
(3030) 0632  0000011000110010 (  32)                 BRZP  min
(3031) 0836  0000100000110110 (  33)                 BRN   no
(3032) 1246  0001001001000110 (  36) min             ADD   R1 R1 R6
(3033) 7200  0111001000000000 (  37)                 STR   R1 R0 #0
(3034) 14A1  0001010010100001 (  38)                 ADD   R2 R2 #1
(3035) 0E2A  0000111000101010 (  39)                 BRNZP ciclo
(3036) 1021  0001000000100001 (  40) no              ADD   R0 R0 #1
(3037) 0E2A  0000111000101010 (  41)                 BRNZP ciclo
(3038) 5020  0101000000100000 (  43) fine            AND   R0 R0 #0
(3039) 1040  0001000001000000 (  44)                 ADD   R0 R1 R0
(303A) 2241  0010001001000001 (  45)                 LD    R1 salvar1
(303B) 2442  0010010001000010 (  46)                 LD    R2 salvar2
(303C) 2643  0010011001000011 (  47)                 LD    R3 salvar3
(303D) 2844  0010100001000100 (  48)                 LD    R4 salvar4
(303E) 2A45  0010101001000101 (  49)                 LD    R5 salvar5
(303F) 2C46  0010110001000110 (  50)                 LD    R6 salvar6
(3040) D000  1101000000000000 (  52)                 RET   
(3041) 0000  0000000000000000 (  58) salvar1         .FILL x0000
(3042) 0000  0000000000000000 (  59) salvar2         .FILL x0000
(3043) 0000  0000000000000000 (  60) salvar3         .FILL x0000
(3044) 0000  0000000000000000 (  61) salvar4         .FILL x0000
(3045) 0000  0000000000000000 (  62) salvar5         .FILL x0000
(3046) 0000  0000000000000000 (  63) salvar6         .FILL x0000
(3047) FF86  1111111110000110 (  63) z               .FILL xFF86
(3048) FF9F  1111111110011111 (  64) a               .FILL xFF9F
(3049) FFE0  1111111111100000 (  65) Maiusc          .FILL xFFE0
