(0000) 3000  0011000000000000 (   2)                 .ORIG x3000
(3000) E004  1110000000000100 (   3)                 LEA   R0 array
(3001) 2203  0010001000000011 (   4)                 LD    R1 num1
(3002) 4809  0100100000001001 (   6)                 JSR   subpr
(3003) 0036  0000000000110110 (   9) num1            .FILL x0036
(3004) 001B  0000000000011011 (  11) array           .FILL x001B
(3005) 0020  0000000000100000 (  12)                 .FILL x0020
(3006) 0002  0000000000000010 (  13)                 .FILL x0002
(3007) 0036  0000000000110110 (  14)                 .FILL x0036
(3008) 0000  0000000000000000 (  15)                 .FILL x0000
(3009) 3422  0011010000100010 (  20) subpr           ST    R2 salvar2
(300A) 3623  0011011000100011 (  21)                 ST    R3 salvar3
(300B) 3824  0011100000100100 (  22)                 ST    R4 salvar4
(300C) 927F  1001001001111111 (  24)                 NOT   R1 R1
(300D) 1261  0001001001100001 (  25)                 ADD   R1 R1 #1
(300E) 5920  0101100100100000 (  26)                 AND   R4 R4 #0
(300F) 1921  0001100100100001 (  27)                 ADD   R4 R4 #1
(3010) 54A0  0101010010100000 (  28)                 AND   R2 R2 #0
(3011) 56E0  0101011011100000 (  29)                 AND   R3 R3 #0
(3012) 6400  0110010000000000 (  31) ciclo           LDR   R2 R0 #0
(3013) 041C  0000010000011100 (  32)                 BRZ   notrov
(3014) 1681  0001011010000001 (  33)                 ADD   R3 R2 R1
(3015) 0419  0000010000011001 (  34)                 BRZ   trovato
(3016) 1021  0001000000100001 (  35)                 ADD   R0 R0 #1
(3017) 1921  0001100100100001 (  36)                 ADD   R4 R4 #1
(3018) 0E12  0000111000010010 (  37)                 BRNZP ciclo
(3019) 5020  0101000000100000 (  39) trovato         AND   R0 R0 #0
(301A) 1004  0001000000000100 (  40)                 ADD   R0 R0 R4
(301B) 0E1E  0000111000011110 (  41)                 BRNZP fine
(301C) 5020  0101000000100000 (  44) notrov          AND   R0 R0 #0
(301D) 0E1E  0000111000011110 (  45)                 BRNZP fine
(301E) 2422  0010010000100010 (  47) fine            LD    R2 salvar2
(301F) 2623  0010011000100011 (  48)                 LD    R3 salvar3
(3020) 2824  0010100000100100 (  49)                 LD    R4 salvar4
(3021) D000  1101000000000000 (  50)                 RET   
(3022) 0000  0000000000000000 (  56) salvar2         .FILL x0000
(3023) 0000  0000000000000000 (  57) salvar3         .FILL x0000
(3024) 0000  0000000000000000 (  59) salvar4         .FILL x0000
