(0000) 3000  0011000000000000 (   2)                 .ORIG x3000
(3000) E005  1110000000000101 (   3)                 LEA   R0 inizio
(3001) E208  1110001000001000 (   4)                 LEA   R1 fine
(3002) 2404  0010010000000100 (   5)                 LD    R2 num1
(3003) 4809  0100100000001001 (   7)                 JSR   subpr
(3004) 0004  0000000000000100 (  10) num1            .FILL x0004
(3005) 001B  0000000000011011 (  12) inizio          .FILL x001B
(3006) 0020  0000000000100000 (  13)                 .FILL x0020
(3007) 0002  0000000000000010 (  14)                 .FILL x0002
(3008) 0036  0000000000110110 (  15) fine            .FILL x0036
(3009) 3626  0011011000100110 (  21) subpr           ST    R3 salvar3
(300A) 3827  0011100000100111 (  22)                 ST    R4 salvar4
(300B) 3A25  0011101000100101 (  23)                 ST    R5 salvar5
(300C) 927F  1001001001111111 (  25)                 NOT   R1 R1
(300D) 1261  0001001001100001 (  26)                 ADD   R1 R1 #1
(300E) 94BF  1001010010111111 (  27)                 NOT   R2 R2
(300F) 14A1  0001010010100001 (  28)                 ADD   R2 R2 #1
(3010) 56E0  0101011011100000 (  30)                 AND   R3 R3 #0
(3011) 5920  0101100100100000 (  31)                 AND   R4 R4 #0
(3012) 1921  0001100100100001 (  32)                 ADD   R4 R4 #1
(3013) 5B60  0101101101100000 (  33)                 AND   R5 R5 #0
(3014) 6A00  0110101000000000 (  37) ciclo           LDR   R5 R0 #0
(3015) 1742  0001011101000010 (  38)                 ADD   R3 R5 R2
(3016) 041C  0000010000011100 (  39)                 BRZ   trovato
(3017) 1640  0001011001000000 (  40)                 ADD   R3 R1 R0
(3018) 041F  0000010000011111 (  41)                 BRZ   notrov
(3019) 1021  0001000000100001 (  42)                 ADD   R0 R0 #1
(301A) 1921  0001100100100001 (  43)                 ADD   R4 R4 #1
(301B) 0E14  0000111000010100 (  44)                 BRNZP ciclo
(301C) 5020  0101000000100000 (  46) trovato         AND   R0 R0 #0
(301D) 1004  0001000000000100 (  47)                 ADD   R0 R0 R4
(301E) 0E21  0000111000100001 (  48)                 BRNZP end
(301F) 5020  0101000000100000 (  51) notrov          AND   R0 R0 #0
(3020) 0E21  0000111000100001 (  52)                 BRNZP end
(3021) 2626  0010011000100110 (  54) end             LD    R3 salvar3
(3022) 2827  0010100000100111 (  55)                 LD    R4 salvar4
(3023) 2A25  0010101000100101 (  56)                 LD    R5 salvar5
(3024) D000  1101000000000000 (  57)                 RET   
(3025) 0000  0000000000000000 (  63) salvar5         .FILL x0000
(3026) 0000  0000000000000000 (  64) salvar3         .FILL x0000
(3027) 0000  0000000000000000 (  66) salvar4         .FILL x0000
