(0000) 3000  0011000000000000 (   2)                 .ORIG x3000
(3000) E002  1110000000000010 (   3)                 LEA   R0 num
(3001) 4803  0100100000000011 (   4)                 JSR   subpr
(3002) FFF7  1111111111110111 (   9) num             .FILL xFFF7
(3003) 6400  0110010000000000 (  12) subpr           LDR   R2 R0 #0
(3004) 5482  0101010010000010 (  13)                 AND   R2 R2 R2
(3005) 0807  0000100000000111 (  14)                 BRN   conv
(3006) D000  1101000000000000 (  15)                 RET   
(3007) 3213  0011001000010011 (  18) conv            ST    R1 salvar1
(3008) 3414  0011010000010100 (  19)                 ST    R2 salvar2
(3009) 2212  0010001000010010 (  20)                 LD    R1 mask
(300A) 5481  0101010010000001 (  21)                 AND   R2 R2 R1
(300B) 94BF  1001010010111111 (  22)                 NOT   R2 R2
(300C) 1481  0001010010000001 (  23)                 ADD   R2 R2 R1
(300D) 2213  0010001000010011 (  24)                 LD    R1 salvar1
(300E) 5020  0101000000100000 (  25)                 AND   R0 R0 #0
(300F) 1080  0001000010000000 (  26)                 ADD   R0 R2 R0
(3010) 2414  0010010000010100 (  27)                 LD    R2 salvar2
(3011) D000  1101000000000000 (  28)                 RET   
(3012) 7FFF  0111111111111111 (  32) mask            .FILL x7FFF
(3013) 0000  0000000000000000 (  34) salvar1         .FILL x0000
(3014) 0000  0000000000000000 (  36) salvar2         .FILL x0000
