(0000) 3000  0011000000000000 (   1) άς             .ORIG x3000
(3000) E003  1110000000000011 (   3)                 LEA   R0 num
(3001) 4804  0100100000000100 (   4)                 JSR   fibonacci
(3002) 0E02  0000111000000010 (   5) stop            BRNZP stop
(3003) 0005  0000000000000101 (   7) num             .FILL x0005
(3004) 321C  0011001000011100 (  10) fibonacci       ST    R1 salvar1
(3005) 341D  0011010000011101 (  11)                 ST    R2 salvar2
(3006) 361E  0011011000011110 (  12)                 ST    R3 salvar3
(3007) 6200  0110001000000000 (  14)                 LDR   R1 R0 #0
(3008) 0C19  0000110000011001 (  15)                 BRNZ  neg
(3009) 54A0  0101010010100000 (  16)                 AND   R2 R2 #0
(300A) 56E0  0101011011100000 (  17)                 AND   R3 R3 #0
(300B) 5020  0101000000100000 (  18)                 AND   R0 R0 #0
(300C) 14A1  0001010010100001 (  19)                 ADD   R2 R2 #1
(300D) 16E0  0001011011100000 (  20)                 ADD   R3 R3 #0
(300E) 127F  0001001001111111 (  21)                 ADD   R1 R1 #-1
(300F) 10C2  0001000011000010 (  24) ciclo           ADD   R0 R3 R2
(3010) 16A0  0001011010100000 (  25)                 ADD   R3 R2 #0
(3011) 1420  0001010000100000 (  26)                 ADD   R2 R0 #0
(3012) 127F  0001001001111111 (  27)                 ADD   R1 R1 #-1
(3013) 0415  0000010000010101 (  28)                 BRZ   fine
(3014) 0A0F  0000101000001111 (  29)                 BRNP  ciclo
(3015) 221C  0010001000011100 (  32) fine            LD    R1 salvar1
(3016) 241D  0010010000011101 (  33)                 LD    R2 salvar2
(3017) 261E  0010011000011110 (  34)                 LD    R3 salvar3
(3018) 0E1B  0000111000011011 (  35)                 BRNZP return
(3019) 5020  0101000000100000 (  39) neg             AND   R0 R0 #0
(301A) 0E1B  0000111000011011 (  40)                 BRNZP return
(301B) D000  1101000000000000 (  43) return          RET   
(301C) 0000  0000000000000000 (  48) salvar1         .FILL x0000
(301D) 0000  0000000000000000 (  49) salvar2         .FILL x0000
(301E) 0000  0000000000000000 (  50) salvar3         .FILL x0000
