(0000) 3000  0011000000000000 (   2) άς             .ORIG x3000
(3000) E005  1110000000000101 (   3)                 LEA   R0 string
(3001) E26B  1110001001101011 (   4)                 LEA   R1 fine_string
(3002) 127E  0001001001111110 (   5)                 ADD   R1 R1 #-2
(3003) 486C  0100100001101100 (   7)                 JSR   CONTA_DOPPIE
(3004) 0E04  0000111000000100 (   9) stop            BRNZP stop
(3005) 006E  0000000001101110 (  16) string          .FILL x006E
(3006) 0065  0000000001100101 (  16)                 .FILL x0065
(3007) 006C  0000000001101100 (  16)                 .FILL x006C
(3008) 0020  0000000000100000 (  16)                 .FILL x0020
(3009) 006D  0000000001101101 (  16)                 .FILL x006D
(300A) 0065  0000000001100101 (  16)                 .FILL x0065
(300B) 007A  0000000001111010 (  16)                 .FILL x007A
(300C) 007A  0000000001111010 (  16)                 .FILL x007A
(300D) 006F  0000000001101111 (  16)                 .FILL x006F
(300E) 0020  0000000000100000 (  16)                 .FILL x0020
(300F) 0064  0000000001100100 (  16)                 .FILL x0064
(3010) 0065  0000000001100101 (  16)                 .FILL x0065
(3011) 006C  0000000001101100 (  16)                 .FILL x006C
(3012) 0020  0000000000100000 (  16)                 .FILL x0020
(3013) 0063  0000000001100011 (  16)                 .FILL x0063
(3014) 0061  0000000001100001 (  16)                 .FILL x0061
(3015) 006D  0000000001101101 (  16)                 .FILL x006D
(3016) 006D  0000000001101101 (  16)                 .FILL x006D
(3017) 0069  0000000001101001 (  16)                 .FILL x0069
(3018) 006E  0000000001101110 (  16)                 .FILL x006E
(3019) 0020  0000000000100000 (  16)                 .FILL x0020
(301A) 0064  0000000001100100 (  16)                 .FILL x0064
(301B) 0069  0000000001101001 (  16)                 .FILL x0069
(301C) 0020  0000000000100000 (  16)                 .FILL x0020
(301D) 006E  0000000001101110 (  16)                 .FILL x006E
(301E) 006F  0000000001101111 (  16)                 .FILL x006F
(301F) 0073  0000000001110011 (  16)                 .FILL x0073
(3020) 0074  0000000001110100 (  16)                 .FILL x0074
(3021) 0072  0000000001110010 (  16)                 .FILL x0072
(3022) 0061  0000000001100001 (  16)                 .FILL x0061
(3023) 0020  0000000000100000 (  16)                 .FILL x0020
(3024) 0076  0000000001110110 (  16)                 .FILL x0076
(3025) 0069  0000000001101001 (  16)                 .FILL x0069
(3026) 0074  0000000001110100 (  16)                 .FILL x0074
(3027) 0061  0000000001100001 (  16)                 .FILL x0061
(3028) 0020  0000000000100000 (  16)                 .FILL x0020
(3029) 006D  0000000001101101 (  16)                 .FILL x006D
(302A) 0069  0000000001101001 (  16)                 .FILL x0069
(302B) 0020  0000000000100000 (  16)                 .FILL x0020
(302C) 0072  0000000001110010 (  16)                 .FILL x0072
(302D) 0069  0000000001101001 (  16)                 .FILL x0069
(302E) 0074  0000000001110100 (  16)                 .FILL x0074
(302F) 0072  0000000001110010 (  16)                 .FILL x0072
(3030) 006F  0000000001101111 (  16)                 .FILL x006F
(3031) 0076  0000000001110110 (  16)                 .FILL x0076
(3032) 0061  0000000001100001 (  16)                 .FILL x0061
(3033) 0069  0000000001101001 (  16)                 .FILL x0069
(3034) 0020  0000000000100000 (  16)                 .FILL x0020
(3035) 0070  0000000001110000 (  16)                 .FILL x0070
(3036) 0065  0000000001100101 (  16)                 .FILL x0065
(3037) 0072  0000000001110010 (  16)                 .FILL x0072
(3038) 0020  0000000000100000 (  16)                 .FILL x0020
(3039) 0075  0000000001110101 (  16)                 .FILL x0075
(303A) 006E  0000000001101110 (  16)                 .FILL x006E
(303B) 0061  0000000001100001 (  16)                 .FILL x0061
(303C) 0020  0000000000100000 (  16)                 .FILL x0020
(303D) 0073  0000000001110011 (  16)                 .FILL x0073
(303E) 0065  0000000001100101 (  16)                 .FILL x0065
(303F) 006C  0000000001101100 (  16)                 .FILL x006C
(3040) 0076  0000000001110110 (  16)                 .FILL x0076
(3041) 0061  0000000001100001 (  16)                 .FILL x0061
(3042) 0020  0000000000100000 (  16)                 .FILL x0020
(3043) 006F  0000000001101111 (  16)                 .FILL x006F
(3044) 0073  0000000001110011 (  16)                 .FILL x0073
(3045) 0063  0000000001100011 (  16)                 .FILL x0063
(3046) 0075  0000000001110101 (  16)                 .FILL x0075
(3047) 0072  0000000001110010 (  16)                 .FILL x0072
(3048) 0061  0000000001100001 (  16)                 .FILL x0061
(3049) 0020  0000000000100000 (  16)                 .FILL x0020
(304A) 0063  0000000001100011 (  16)                 .FILL x0063
(304B) 0068  0000000001101000 (  16)                 .FILL x0068
(304C) 0065  0000000001100101 (  16)                 .FILL x0065
(304D) 0027  0000000000100111 (  16)                 .FILL x0027
(304E) 0020  0000000000100000 (  16)                 .FILL x0020
(304F) 006C  0000000001101100 (  16)                 .FILL x006C
(3050) 0061  0000000001100001 (  16)                 .FILL x0061
(3051) 0020  0000000000100000 (  16)                 .FILL x0020
(3052) 0064  0000000001100100 (  16)                 .FILL x0064
(3053) 0069  0000000001101001 (  16)                 .FILL x0069
(3054) 0072  0000000001110010 (  16)                 .FILL x0072
(3055) 0069  0000000001101001 (  16)                 .FILL x0069
(3056) 0074  0000000001110100 (  16)                 .FILL x0074
(3057) 0074  0000000001110100 (  16)                 .FILL x0074
(3058) 0061  0000000001100001 (  16)                 .FILL x0061
(3059) 0020  0000000000100000 (  16)                 .FILL x0020
(305A) 0076  0000000001110110 (  16)                 .FILL x0076
(305B) 0069  0000000001101001 (  16)                 .FILL x0069
(305C) 0061  0000000001100001 (  16)                 .FILL x0061
(305D) 0020  0000000000100000 (  16)                 .FILL x0020
(305E) 0065  0000000001100101 (  16)                 .FILL x0065
(305F) 0072  0000000001110010 (  16)                 .FILL x0072
(3060) 0061  0000000001100001 (  16)                 .FILL x0061
(3061) 0020  0000000000100000 (  16)                 .FILL x0020
(3062) 0073  0000000001110011 (  16)                 .FILL x0073
(3063) 006D  0000000001101101 (  16)                 .FILL x006D
(3064) 0061  0000000001100001 (  16)                 .FILL x0061
(3065) 0072  0000000001110010 (  16)                 .FILL x0072
(3066) 0072  0000000001110010 (  16)                 .FILL x0072
(3067) 0069  0000000001101001 (  16)                 .FILL x0069
(3068) 0074  0000000001110100 (  16)                 .FILL x0074
(3069) 0061  0000000001100001 (  16)                 .FILL x0061
(306A) 0000  0000000000000000 (  16)                 .FILL x0000
(306B) 0000  0000000000000000 (  17) fine_string     .FILL x0000
(306C) 927F  1001001001111111 (  23) CONTA_DOPPIE    NOT   R1 R1
(306D) 1261  0001001001100001 (  24)                 ADD   R1 R1 #1
(306E) 3489  0011010010001001 (  26)                 ST    R2 salvar2
(306F) 368A  0011011010001010 (  27)                 ST    R3 salvar3
(3070) 388B  0011100010001011 (  28)                 ST    R4 salvar4
(3071) 3A8C  0011101010001100 (  29)                 ST    R5 salvar5
(3072) 54A0  0101010010100000 (  31)                 AND   R2 R2 #0
(3073) 56E0  0101011011100000 (  32)                 AND   R3 R3 #0
(3074) 5920  0101100100100000 (  33)                 AND   R4 R4 #0
(3075) 5B60  0101101101100000 (  34)                 AND   R5 R5 #0
(3076) 1A40  0001101001000000 (  36) ciclo           ADD   R5 R1 R0
(3077) 0482  0000010010000010 (  37)                 BRZ   fine
(3078) 6400  0110010000000000 (  38)                 LDR   R2 R0 #0
(3079) 1021  0001000000100001 (  39)                 ADD   R0 R0 #1
(307A) 6600  0110011000000000 (  40)                 LDR   R3 R0 #0
(307B) 96FF  1001011011111111 (  41)                 NOT   R3 R3
(307C) 16E1  0001011011100001 (  42)                 ADD   R3 R3 #1
(307D) 1683  0001011010000011 (  43)                 ADD   R3 R2 R3
(307E) 0480  0000010010000000 (  44)                 BRZ   conta
(307F) 0A76  0000101001110110 (  45)                 BRNP  ciclo
(3080) 1921  0001100100100001 (  47) conta           ADD   R4 R4 #1
(3081) 0E76  0000111001110110 (  48)                 BRNZP ciclo
(3082) 5020  0101000000100000 (  50) fine            AND   R0 R0 #0
(3083) 1100  0001000100000000 (  51)                 ADD   R0 R4 R0
(3084) 2489  0010010010001001 (  52)                 LD    R2 salvar2
(3085) 268A  0010011010001010 (  53)                 LD    R3 salvar3
(3086) 288B  0010100010001011 (  54)                 LD    R4 salvar4
(3087) 2A8C  0010101010001100 (  55)                 LD    R5 salvar5
(3088) D000  1101000000000000 (  56)                 RET   
(3089) 0000  0000000000000000 (  60) salvar2         .FILL x0000
(308A) 0000  0000000000000000 (  61) salvar3         .FILL x0000
(308B) 0000  0000000000000000 (  62) salvar4         .FILL x0000
(308C) 0000  0000000000000000 (  64) salvar5         .FILL x0000
