(0000) 3000  0011000000000000 (   2)                 .ORIG x3000
(3000) E003  1110000000000011 (   3)                 LEA   R0 array
(3001) 4809  0100100000001001 (   4)                 JSR   GAP_ASS
(3002) 0E02  0000111000000010 (   6) stop            BRNZP stop
(3003) 0070  0000000001110000 (  10) array           .FILL x0070
(3004) FFE5  1111111111100101 (  11)                 .FILL xFFE5
(3005) FFF4  1111111111110100 (  12)                 .FILL xFFF4
(3006) 002D  0000000000101101 (  13)                 .FILL x002D
(3007) 000F  0000000000001111 (  14)                 .FILL x000F
(3008) 0000  0000000000000000 (  15)                 .FILL x0000
(3009) 323A  0011001000111010 (  18) GAP_ASS         ST    R1 salvar1
(300A) 343B  0011010000111011 (  19)                 ST    R2 salvar2
(300B) 363C  0011011000111100 (  20)                 ST    R3 salvar3
(300C) 6200  0110001000000000 (  21)                 LDR   R1 R0 #0
(300D) 54A0  0101010010100000 (  22)                 AND   R2 R2 #0
(300E) 56E0  0101011011100000 (  23)                 AND   R3 R3 #0
(300F) 1442  0001010001000010 (  24)                 ADD   R2 R1 R2
(3010) 1643  0001011001000011 (  25)                 ADD   R3 R1 R3
(3011) 1021  0001000000100001 (  26)                 ADD   R0 R0 #1
(3012) 1021  0001000000100001 (  28) ciclo           ADD   R0 R0 #1
(3013) 6200  0110001000000000 (  29)                 LDR   R1 R0 #0
(3014) 0432  0000010000110010 (  30)                 BRZ   fine
(3015) 082F  0000100000101111 (  31)                 BRN   mod
(3016) 927F  1001001001111111 (  32) go              NOT   R1 R1
(3017) 1261  0001001001100001 (  33)                 ADD   R1 R1 #1
(3018) 1442  0001010001000010 (  34)                 ADD   R2 R1 R2
(3019) 0825  0000100000100101 (  35)                 BRN   cambiomax
(301A) 927F  1001001001111111 (  36)                 NOT   R1 R1
(301B) 1261  0001001001100001 (  37)                 ADD   R1 R1 #1
(301C) 1442  0001010001000010 (  38)                 ADD   R2 R1 R2
(301D) 927F  1001001001111111 (  40)                 NOT   R1 R1
(301E) 1261  0001001001100001 (  41)                 ADD   R1 R1 #1
(301F) 1643  0001011001000011 (  42)                 ADD   R3 R1 R3
(3020) 022A  0000001000101010 (  43)                 BRP   cambiomin
(3021) 927F  1001001001111111 (  44)                 NOT   R1 R1
(3022) 1261  0001001001100001 (  45)                 ADD   R1 R1 #1
(3023) 1643  0001011001000011 (  46)                 ADD   R3 R1 R3
(3024) 0E12  0000111000010010 (  47)                 BRNZP ciclo
(3025) 54A0  0101010010100000 (  49) cambiomax       AND   R2 R2 #0
(3026) 927F  1001001001111111 (  50)                 NOT   R1 R1
(3027) 1261  0001001001100001 (  51)                 ADD   R1 R1 #1
(3028) 1460  0001010001100000 (  52)                 ADD   R2 R1 #0
(3029) 0E12  0000111000010010 (  53)                 BRNZP ciclo
(302A) 56E0  0101011011100000 (  55) cambiomin       AND   R3 R3 #0
(302B) 927F  1001001001111111 (  56)                 NOT   R1 R1
(302C) 1261  0001001001100001 (  57)                 ADD   R1 R1 #1
(302D) 1660  0001011001100000 (  58)                 ADD   R3 R1 #0
(302E) 0E12  0000111000010010 (  59)                 BRNZP ciclo
(302F) 927F  1001001001111111 (  62) mod             NOT   R1 R1
(3030) 1261  0001001001100001 (  63)                 ADD   R1 R1 #1
(3031) 0E16  0000111000010110 (  64)                 BRNZP go
(3032) 96FF  1001011011111111 (  68) fine            NOT   R3 R3
(3033) 16E1  0001011011100001 (  69)                 ADD   R3 R3 #1
(3034) 5020  0101000000100000 (  70)                 AND   R0 R0 #0
(3035) 1083  0001000010000011 (  71)                 ADD   R0 R2 R3
(3036) 223A  0010001000111010 (  72)                 LD    R1 salvar1
(3037) 243B  0010010000111011 (  73)                 LD    R2 salvar2
(3038) 263C  0010011000111100 (  74)                 LD    R3 salvar3
(3039) D000  1101000000000000 (  75)                 RET   
(303A) 0000  0000000000000000 (  79) salvar1         .FILL x0000
(303B) 0000  0000000000000000 (  80) salvar2         .FILL x0000
(303C) 0000  0000000000000000 (  81) salvar3         .FILL x0000
