(0000) 3000  0011000000000000 (   1)                 .ORIG x3000
(3000) 4805  0100100000000101 (   5) call            JSR   subpr
(3001) E603  1110011000000011 (   8) n1              LEA   R3 num1
(3002) E804  1110100000000100 (   9) n2              LEA   R4 num2
(3003) 0004  0000000000000100 (  11) num1            .FILL x0004
(3004) 0002  0000000000000010 (  12) num2            .FILL x0002
(3005) 6640  0110011001000000 (  17) subpr           LDR   R3 R1 #0
(3006) 6880  0110100010000000 (  18)                 LDR   R4 R2 #0
(3007) 94BF  1001010010111111 (  21)                 NOT   R2 R2
(3008) 14A1  0001010010100001 (  22)                 ADD   R2 R2 #1
(3009) 1042  0001000001000010 (  23)                 ADD   R0 R1 R2
(300A) 080D  0000100000001101 (  24)                 BRN   neg
(300B) 0210  0000001000010000 (  25)                 BRP   pos
(300C) D000  1101000000000000 (  27)                 RET   
(300D) 5020  0101000000100000 (  29) neg             AND   R0 R0 #0
(300E) 103F  0001000000111111 (  30)                 ADD   R0 R0 #-1
(300F) D000  1101000000000000 (  31)                 RET   
(3010) 5020  0101000000100000 (  33) pos             AND   R0 R0 #0
(3011) 1021  0001000000100001 (  34)                 ADD   R0 R0 #1
(3012) D000  1101000000000000 (  35)                 RET   
